2025-05-29 22:45:42,231 - Using exit strategy: EOD (derived from config value: 'EOD')
2025-05-29 22:45:42,567 - Connected to IBKR
2025-05-29 22:45:42,567 - Attempting to load contract for TQQQ from config...
2025-05-29 22:45:42,567 - Initial contract object: Stock(symbol='TQQQ', exchange='SMART', currency='USD')
2025-05-29 22:45:42,625 - Successfully qualified TQQQ: Stock(conId=72539702, symbol='TQQQ', exchange='SMART', primaryExchange='NASDAQ', currency='USD', localSymbol='TQQQ', tradingClass='NMS')
2025-05-29 22:45:42,627 - MinTick for TQQQ (after qualification/detailing) set to: 0.01
2025-05-29 22:45:42,628 - Testing historical data retrieval for TQQQ with whatToShow='TRADES'...
2025-05-29 22:45:43,138 - Successfully retrieved 7 bars for TQQQ
2025-05-29 22:45:43,138 - Global minTick updated to: 0.01 for contract TQQQ
2025-05-29 22:45:43,138 - ==================================================
2025-05-29 22:45:43,139 - FINAL CONTRACT SELECTION:
2025-05-29 22:45:43,139 - Symbol: TQQQ
2025-05-29 22:45:43,139 - Type: STK
2025-05-29 22:45:43,139 - Exchange: SMART
2025-05-29 22:45:43,139 - Local Symbol: TQQQ
2025-05-29 22:45:43,139 - ==================================================
2025-05-29 22:45:43,139 - If this is not the contract you want to trade, please stop the script now.
2025-05-29 22:45:43,139 - Starting trading in 10 seconds...
2025-05-29 22:45:43,139 - 10...
2025-05-29 22:45:44,147 - 9...
2025-05-29 22:45:45,148 - 8...
2025-05-29 22:45:46,149 - 7...
2025-05-29 22:45:47,162 - 6...
2025-05-29 22:45:48,163 - 5...
2025-05-29 22:45:49,164 - 4...
2025-05-29 22:45:50,164 - 3...
2025-05-29 22:45:51,165 - 2...
2025-05-29 22:45:52,166 - 1...
2025-05-29 22:45:53,166 - Starting trading strategy for TQQQ
2025-05-29 22:45:53,166 - Account size: $25000, Leverage: 4x, Risk per trade: 1.0%
2025-05-29 22:45:53,166 - 执行单次交易模式，交易后将监控持仓
2025-05-29 22:45:53,354 - 当前时间: 2025-05-29 10:45:53.354
2025-05-29 22:45:53,354 - 下一个5分钟K线开始于: 2025-05-29 10:50:00
2025-05-29 22:45:53,354 - 等待 246.6 秒...
2025-05-29 22:49:59,954 - K线开始: 2025-05-29 10:49:59.954
2025-05-29 22:49:59,954 - 等待K线完成形成，还需 300.0 秒...
2025-05-29 22:55:00,944 - K线完成: 2025-05-29 10:55:00.944
2025-05-29 22:55:00,944 - 获取截至 20250529 10:55:00 US/Eastern 的最新K线数据
2025-05-29 22:55:00,950 - 获取历史数据: 结束时间=20250529 10:55:00 US/Eastern, K线大小=5 mins, 持续时间=1800 S
2025-05-29 22:55:01,475 - 成功获取到 6 根K线
2025-05-29 22:55:01,480 - 请求历史数据: 周期=30 D, 时间粒度=1 day
2025-05-29 22:55:02,378 - K线分析 | 时间: 10:50:00 | O: $71.06 | H: $71.36 | L: $70.97 | C: $71.26 | 变化: 0.28%
2025-05-29 22:55:02,379 - 信号: BUY | 方向: 上涨 (+0.28%) | 参考止损: $71.06
2025-05-29 22:55:02,379 - 头寸计算 | ATR: 4.01 | R: 0.20 | 风险: 1.0% | 杠杆: 4x
2025-05-29 22:55:02,379 - 入场价格: $71.26 | 数量: 1246 | 风险金额: $249.96 | 杠杆率: 3.55x
2025-05-29 22:55:02,379 - 交易信号: BUY 1246 @ $71.26 | 参考止损: $71.06
2025-05-29 22:55:02,379 - 执行交易...
2025-05-29 22:55:02,380 - Account size before this trade (for AccBefore field): 25000.00
2025-05-29 22:55:02,380 - 检查 2 个活动交易中的订单...
2025-05-29 22:55:02,380 - 请求更新并获取所有全局开放订单...
2025-05-29 22:55:02,883 - 发现 1 个全局开放订单 (via ib.openOrders())...
2025-05-29 22:55:02,883 - 等待2秒以便系统处理取消请求...
2025-05-29 22:55:04,885 - ==================================================
2025-05-29 22:55:04,885 - 开始交易执行 | TQQQ (STK) | SMART
2025-05-29 22:55:04,885 - 合约详情: TQQQ
2025-05-29 22:55:04,885 - 使用信号K线收盘价作为限价单价格: $71.26
2025-05-29 22:55:04,885 - 创建BUY限价单 | 数量: 1246 | 价格: $71.26 | 引用ID: Entry_225504 | OutsideRTH: True
2025-05-29 22:55:04,885 - 订单已提交 | ID: 8583
2025-05-29 22:55:05,910 - 订单状态: Filled | 成交: 1246.0/1246 | 尝试: 1/40
2025-05-29 22:55:05,910 - 订单已成交 | 均价: $71.24
2025-05-29 22:55:05,910 - 主订单成交时间: 2025-05-29 10:55:05
2025-05-29 22:55:05,911 - 当前持仓确认: 1246.0 TQQQ @ $71.25
2025-05-29 22:55:05,911 - ==================================================
2025-05-29 22:55:05,911 - 交易执行成功: BUY 1246 @ $71.24
2025-05-29 22:55:05,911 - 基于实际成交价重新计算止损价格: $71.04 (R = $0.20)
2025-05-29 22:55:05,911 - 检查 4 个活动交易中的订单...
2025-05-29 22:55:05,911 - 活动交易订单 ID: 8583 已处于完成状态 (Filled), 无需取消.
2025-05-29 22:55:05,911 - 请求更新并获取所有全局开放订单...
2025-05-29 22:55:06,422 - 发现 1 个全局开放订单 (via ib.openOrders())...
2025-05-29 22:55:06,422 - 等待2秒以便系统处理取消请求...
2025-05-29 22:55:08,427 - 设置止损单 | SELL 1246 @ $71.04
2025-05-29 22:55:08,428 - 止损单已提交 | ID: 8584
2025-05-29 22:55:09,442 - 止损单状态: PreSubmitted | 尝试: 1/10
2025-05-29 22:55:09,442 - 止损单已被接受: PreSubmitted
2025-05-29 22:55:09,442 - 止损单已成功设置: $71.04
2025-05-29 22:55:09,442 - 
--------------------------------------------------
2025-05-29 22:55:09,443 - 交易信息摘要
2025-05-29 22:55:09,443 - 方向: 做多 | 数量: 1246 | 标的: TQQQ
2025-05-29 22:55:09,443 - 入场价格: $71.24 | 止损价格: $71.04 | 止损幅度: $0.20
2025-05-29 22:55:09,444 - 持仓市值: $88765.04 | 账户杠杆: 3.55x
2025-05-29 22:55:09,444 - 风险金额: $249.20 | 账户风险: 1.00%
2025-05-29 22:55:09,444 - 仓位计算过程:
2025-05-29 22:55:09,444 - 1. 风险头寸 = 账户资金 * 风险比例 / R值 = $25000 * 0.01 / $0.20 = 1246 单位
2025-05-29 22:55:09,445 - 2. 杠杆头寸 = 账户资金 * 杠杆 / 市价 = $25000 * 4 / $71.26 = 1403 单位
2025-05-29 22:55:09,445 - 3. 最终下单数量 = min(风险头寸, 杠杆头寸) = min(1246, 1403) = 1246 单位
2025-05-29 22:55:09,445 - --------------------------------------------------

2025-05-29 22:55:09,445 - 开始监控交易...
2025-05-29 22:55:09,445 - 开始监控持仓 | BUY 1246 | 入场: $71.24 | 止损: $71.04
2025-05-29 22:55:09,446 - Monitoring position. Exit strategy: EOD (close starting 15:50 US/Eastern) or stop-loss.
2025-05-29 22:55:09,447 - 活跃止损单确认 | ID: 8584 | 价格: $71.04
2025-05-29 22:56:10,546 - 持仓状态 | 已持有: 1.0分钟 | 市场价: $71.27 | 入场价: $71.24 | 止损价: $71.04 | P/L: $37.38 (0.04%) | 状态: 盈利
2025-05-29 22:57:11,626 - 持仓状态 | 已持有: 2.0分钟 | 市场价: $71.42 | 入场价: $71.24 | 止损价: $71.04 | P/L: $224.28 (0.25%) | 状态: 盈利
2025-05-29 22:58:12,730 - 持仓状态 | 已持有: 3.0分钟 | 市场价: $71.39 | 入场价: $71.24 | 止损价: $71.04 | P/L: $186.90 (0.21%) | 状态: 盈利
2025-05-29 22:59:13,808 - 持仓状态 | 已持有: 4.1分钟 | 市场价: $71.48 | 入场价: $71.24 | 止损价: $71.04 | P/L: $299.04 (0.34%) | 状态: 盈利
2025-05-29 23:00:14,914 - 持仓状态 | 已持有: 5.1分钟 | 市场价: $71.43 | 入场价: $71.24 | 止损价: $71.04 | P/L: $236.74 (0.27%) | 状态: 盈利
2025-05-29 23:01:15,975 - 持仓状态 | 已持有: 6.1分钟 | 市场价: $71.39 | 入场价: $71.24 | 止损价: $71.04 | P/L: $186.90 (0.21%) | 状态: 盈利
2025-05-29 23:02:17,058 - 持仓状态 | 已持有: 7.1分钟 | 市场价: $71.37 | 入场价: $71.24 | 止损价: $71.04 | P/L: $161.98 (0.18%) | 状态: 盈利
2025-05-29 23:03:18,171 - 持仓状态 | 已持有: 8.1分钟 | 市场价: $71.33 | 入场价: $71.24 | 止损价: $71.04 | P/L: $112.14 (0.13%) | 状态: 盈利
2025-05-29 23:04:19,258 - 持仓状态 | 已持有: 9.1分钟 | 市场价: $71.16 | 入场价: $71.24 | 止损价: $71.04 | P/L: $-105.91 (-0.12%) | 状态: 亏损
2025-05-29 23:05:20,386 - 持仓状态 | 已持有: 10.2分钟 | 市场价: $71.22 | 入场价: $71.24 | 止损价: $71.04 | P/L: $-24.92 (-0.03%) | 状态: 亏损
2025-05-29 23:06:21,505 - 持仓状态 | 已持有: 11.2分钟 | 市场价: $71.31 | 入场价: $71.24 | 止损价: $71.04 | P/L: $87.22 (0.10%) | 状态: 盈利
2025-05-29 23:07:22,596 - 持仓状态 | 已持有: 12.2分钟 | 市场价: $71.14 | 入场价: $71.24 | 止损价: $71.04 | P/L: $-124.60 (-0.14%) | 状态: 亏损
2025-05-29 23:08:17,706 - 持仓已关闭，可能已触发止损
2025-05-29 23:08:17,706 - 交易结束 | 止损触发 | BUY 1246 | 持仓: 0小时13分钟8秒
2025-05-29 23:08:17,706 - 入场: $71.24 → 出场: $71.04 | P/L: $-249.20 (-0.28%) | 结果: Loss
2025-05-29 23:08:17,707 - Global ACCOUNT_SIZE updated to: 24750.80 due to PnL: -249.20 (Stop Loss)
2025-05-29 23:08:17,707 - 
================================================================================
2025-05-29 23:08:17,707 - 交易过程 | 方向: LONG | 数量: 1246 | 入场: $71.24 | 出场: $71.04 | 持仓时间: 0小时13分钟8秒
2025-05-29 23:08:17,707 - 交易结果 | P/L: $-249.20 (-0.28%) | 状态: 亏损 | 出场原因: Stop Loss Triggered
2025-05-29 23:08:17,708 - ================================================================================
2025-05-29 23:08:17,708 - 交易监控结束
2025-05-29 23:08:17,709 - 交易流程完成，程序退出
2025-05-29 23:08:17,709 - 清理所有活跃订单...
2025-05-29 23:08:17,713 - 取消订单 ID: 0
2025-05-29 23:08:17,713 - 取消订单 ID: 0
2025-05-29 23:08:17,715 - 打印最终交易报告...
2025-05-29 23:08:17,728 - 没有找到现有交易记录文件。将使用当前 1 笔交易。
2025-05-29 23:08:17,734 - === 今日交易报告 (2025-05-29) ===
2025-05-29 23:08:17,734 - 总交易次数: 1 (今日: 1)
2025-05-29 23:08:17,737 - 已平仓交易: 1 (今日: 1)
2025-05-29 23:08:17,737 - 总胜率: 0.0% (今日: 0.0%)
2025-05-29 23:08:17,737 - 总盈亏: $-249.20 (今日: $-249.20)
2025-05-29 23:08:17,737 - 平均盈亏: $-249.20
2025-05-29 23:08:17,746 - 交易记录已保存至: reports\trades_TQQQ_history.csv
2025-05-29 23:08:17,747 - 包含 1 笔交易记录
2025-05-29 23:08:17,747 - Attempting to update config.ini with final ACCOUNT_SIZE: 24750.8
2025-05-29 23:08:17,748 - Updated account balance in config.ini to: 24751
2025-05-29 23:08:17,748 - 
交易汇总
2025-05-29 23:08:17,749 - --------------------------------------------------
2025-05-29 23:08:17,749 - BUY 1246 | $71.24 → $71.04 | P/L: $-249.20 (-0.28%) | Stop Loss Triggered
2025-05-29 23:08:17,749 - --------------------------------------------------
2025-05-29 23:08:17,749 - 总计: 1笔交易 | 胜率: 0.0% | 总盈亏: $-249.20
2025-05-29 23:08:17,749 - --------------------------------------------------
2025-05-29 23:08:17,749 - Closing connection to IBKR
